[debug] [2024-08-07T21:54:29.439Z] ----------------------------------------------------------------------
[debug] [2024-08-07T21:54:29.441Z] Command:       C:\Program Files\nodejs\node.exe C:\Users\Usuario\AppData\Roaming\npm\node_modules\firebase-tools\lib\bin\firebase.js init
[debug] [2024-08-07T21:54:29.442Z] CLI Version:   13.15.0
[debug] [2024-08-07T21:54:29.442Z] Platform:      win32
[debug] [2024-08-07T21:54:29.442Z] Node Version:  v21.5.0
[debug] [2024-08-07T21:54:29.442Z] Time:          Wed Aug 07 2024 18:54:29 GMT-0300 (Horário Padrão de Brasília)
[debug] [2024-08-07T21:54:29.442Z] ----------------------------------------------------------------------
[debug] 
[debug] [2024-08-07T21:54:29.450Z] > command requires scopes: ["email","openid","https://www.googleapis.com/auth/cloudplatformprojects.readonly","https://www.googleapis.com/auth/firebase","https://www.googleapis.com/auth/cloud-platform"]
[debug] [2024-08-07T21:54:29.450Z] > authorizing via signed-in user (marlon.sousa169@gmail.com)
[info] 
     ######## #### ########  ######## ########     ###     ######  ########
     ##        ##  ##     ## ##       ##     ##  ##   ##  ##       ##
     ######    ##  ########  ######   ########  #########  ######  ######
     ##        ##  ##    ##  ##       ##     ## ##     ##       ## ##
     ##       #### ##     ## ######## ########  ##     ##  ######  ########

You're about to initialize a Firebase project in this directory:

  C:\Users\Usuario\Desktop\site joerto

[info] 
=== Project Setup
[info] 
[info] First, let's associate this project directory with a Firebase project.
[info] You can create multiple project aliases by running firebase use --add, 
[info] but for now we'll just set up a default project.
[info] 
[debug] [2024-08-07T21:55:16.687Z] >>> [apiv2][query] GET https://firebase.googleapis.com/v1beta1/projects pageSize=100
[debug] [2024-08-07T21:55:17.314Z] <<< [apiv2][status] GET https://firebase.googleapis.com/v1beta1/projects 200
[debug] [2024-08-07T21:55:17.314Z] <<< [apiv2][body] GET https://firebase.googleapis.com/v1beta1/projects [omitted]
[info] i  Using project rombeta-ebb32 (Rombeta) 
[info] 
=== Database Setup
[info] i  database: ensuring required API firebasedatabase.googleapis.com is enabled... 
[debug] [2024-08-07T21:55:22.399Z] >>> [apiv2][query] GET https://serviceusage.googleapis.com/v1/projects/rombeta-ebb32/services/firebasedatabase.googleapis.com [none]
[debug] [2024-08-07T21:55:22.400Z] >>> [apiv2][(partial)header] GET https://serviceusage.googleapis.com/v1/projects/rombeta-ebb32/services/firebasedatabase.googleapis.com x-goog-quota-user=projects/rombeta-ebb32
[debug] [2024-08-07T21:55:23.480Z] <<< [apiv2][status] GET https://serviceusage.googleapis.com/v1/projects/rombeta-ebb32/services/firebasedatabase.googleapis.com 200
[debug] [2024-08-07T21:55:23.480Z] <<< [apiv2][body] GET https://serviceusage.googleapis.com/v1/projects/rombeta-ebb32/services/firebasedatabase.googleapis.com [omitted]
[warn] !  database: missing required API firebasedatabase.googleapis.com. Enabling now... 
[debug] [2024-08-07T21:55:23.481Z] >>> [apiv2][query] POST https://serviceusage.googleapis.com/v1/projects/rombeta-ebb32/services/firebasedatabase.googleapis.com:enable [none]
[debug] [2024-08-07T21:55:23.481Z] >>> [apiv2][(partial)header] POST https://serviceusage.googleapis.com/v1/projects/rombeta-ebb32/services/firebasedatabase.googleapis.com:enable x-goog-quota-user=projects/rombeta-ebb32
[debug] [2024-08-07T21:55:24.685Z] <<< [apiv2][status] POST https://serviceusage.googleapis.com/v1/projects/rombeta-ebb32/services/firebasedatabase.googleapis.com:enable 200
[debug] [2024-08-07T21:55:24.685Z] <<< [apiv2][body] POST https://serviceusage.googleapis.com/v1/projects/rombeta-ebb32/services/firebasedatabase.googleapis.com:enable [omitted]
[debug] [2024-08-07T21:55:34.687Z] >>> [apiv2][query] GET https://serviceusage.googleapis.com/v1/projects/rombeta-ebb32/services/firebasedatabase.googleapis.com [none]
[debug] [2024-08-07T21:55:34.687Z] >>> [apiv2][(partial)header] GET https://serviceusage.googleapis.com/v1/projects/rombeta-ebb32/services/firebasedatabase.googleapis.com x-goog-quota-user=projects/rombeta-ebb32
[debug] [2024-08-07T21:55:35.662Z] <<< [apiv2][status] GET https://serviceusage.googleapis.com/v1/projects/rombeta-ebb32/services/firebasedatabase.googleapis.com 200
[debug] [2024-08-07T21:55:35.663Z] <<< [apiv2][body] GET https://serviceusage.googleapis.com/v1/projects/rombeta-ebb32/services/firebasedatabase.googleapis.com [omitted]
[info] +  database: required API firebasedatabase.googleapis.com is enabled 
[info] 
[debug] [2024-08-07T21:55:35.665Z] >>> [apiv2][query] GET https://firebase.googleapis.com/v1beta1/projects/rombeta-ebb32 [none]
[debug] [2024-08-07T21:55:36.048Z] <<< [apiv2][status] GET https://firebase.googleapis.com/v1beta1/projects/rombeta-ebb32 200
[debug] [2024-08-07T21:55:36.048Z] <<< [apiv2][body] GET https://firebase.googleapis.com/v1beta1/projects/rombeta-ebb32 {"projectId":"rombeta-ebb32","projectNumber":"563434207261","displayName":"Rombeta","name":"projects/rombeta-ebb32","resources":{"hostingSite":"rombeta-ebb32"},"state":"ACTIVE","etag":"1_22c4add2-2c3f-4998-9cb8-3801a11ae2eb"}
[debug] [2024-08-07T21:55:48.002Z] >>> [apiv2][query] POST https://firebasedatabase.googleapis.com/v1beta/projects/rombeta-ebb32/locations/us-central1/instances databaseId=rombeta-ebb32-default-rtdb&validateOnly=true
[debug] [2024-08-07T21:55:48.002Z] >>> [apiv2][body] POST https://firebasedatabase.googleapis.com/v1beta/projects/rombeta-ebb32/locations/us-central1/instances {"type":"default_database"}
[debug] [2024-08-07T21:55:49.191Z] <<< [apiv2][status] POST https://firebasedatabase.googleapis.com/v1beta/projects/rombeta-ebb32/locations/us-central1/instances 200
[debug] [2024-08-07T21:55:49.191Z] <<< [apiv2][body] POST https://firebasedatabase.googleapis.com/v1beta/projects/rombeta-ebb32/locations/us-central1/instances {"name":"projects/563434207261/locations/us-central1/instances/rombeta-ebb32-default-rtdb","project":"projects/563434207261","databaseUrl":"https://rombeta-ebb32-default-rtdb.firebaseio.com","type":"DEFAULT_DATABASE","state":"ACTIVE"}
[debug] [2024-08-07T21:55:49.192Z] >>> [apiv2][query] POST https://firebasedatabase.googleapis.com/v1beta/projects/rombeta-ebb32/locations/us-central1/instances databaseId=rombeta-ebb32-default-rtdb
[debug] [2024-08-07T21:55:49.192Z] >>> [apiv2][body] POST https://firebasedatabase.googleapis.com/v1beta/projects/rombeta-ebb32/locations/us-central1/instances {"type":"default_database"}
[debug] [2024-08-07T21:55:49.655Z] <<< [apiv2][status] POST https://firebasedatabase.googleapis.com/v1beta/projects/rombeta-ebb32/locations/us-central1/instances 200
[debug] [2024-08-07T21:55:49.655Z] <<< [apiv2][body] POST https://firebasedatabase.googleapis.com/v1beta/projects/rombeta-ebb32/locations/us-central1/instances {"name":"projects/563434207261/locations/us-central1/instances/rombeta-ebb32-default-rtdb","project":"projects/563434207261","databaseUrl":"https://rombeta-ebb32-default-rtdb.firebaseio.com","type":"DEFAULT_DATABASE","state":"ACTIVE"}
[info] 
[info] Firebase Realtime Database Security Rules allow you to define how your data should be
[info] structured and when your data can be read from and written to.
[info] 
[debug] [2024-08-07T21:56:56.619Z] >>> [apiv2][query] GET https://rombeta-ebb32-default-rtdb.firebaseio.com/.settings/rules.json [none]
[debug] [2024-08-07T21:56:57.424Z] <<< [apiv2][status] GET https://rombeta-ebb32-default-rtdb.firebaseio.com/.settings/rules.json 200
[debug] [2024-08-07T21:56:57.424Z] <<< [apiv2][body] GET https://rombeta-ebb32-default-rtdb.firebaseio.com/.settings/rules.json [stream]
[info] +  Database Rules for rombeta-ebb32-default-rtdb have been written to database.rules.json. 
[info] Future modifications to database.rules.json will update Realtime Database Security Rules when you run
[info] firebase deploy.
[info] 
=== Hosting Setup
[debug] [2024-08-07T21:56:57.427Z] >>> [apiv2][query] GET https://firebase.googleapis.com/v1beta1/projects/rombeta-ebb32 [none]
[debug] [2024-08-07T21:56:57.807Z] <<< [apiv2][status] GET https://firebase.googleapis.com/v1beta1/projects/rombeta-ebb32 200
[debug] [2024-08-07T21:56:57.807Z] <<< [apiv2][body] GET https://firebase.googleapis.com/v1beta1/projects/rombeta-ebb32 {"projectId":"rombeta-ebb32","projectNumber":"563434207261","displayName":"Rombeta","name":"projects/rombeta-ebb32","resources":{"hostingSite":"rombeta-ebb32","realtimeDatabaseInstance":"rombeta-ebb32-default-rtdb"},"state":"ACTIVE","etag":"1_22c4add2-2c3f-4998-9cb8-3801a11ae2eb"}
[info] 
[info] Your public directory is the folder (relative to your project directory) that
[info] will contain Hosting assets to be uploaded with firebase deploy. If you
[info] have a build process for your assets, use your build's output directory.
[info] 
[info] +  Wrote public/404.html 
[debug] [2024-08-07T21:57:39.695Z] >>> [apiv2][query] GET https://www.gstatic.com/firebasejs/releases.json [none]
[debug] [2024-08-07T21:57:39.782Z] <<< [apiv2][status] GET https://www.gstatic.com/firebasejs/releases.json 200
[debug] [2024-08-07T21:57:39.782Z] <<< [apiv2][body] GET https://www.gstatic.com/firebasejs/releases.json {"current":{"version":"10.12.5","browserURL":"https://www.gstatic.com/firebasejs/10.12.5/firebase.js","packageURL":"https://www.gstatic.com/firebasejs/10.12.5/firebase.tgz"},"live":{"version":"10.12","browserURL":"https://www.gstatic.com/firebasejs/live/10.12/firebase.js","packageURL":"https://www.gstatic.com/firebasejs/live/10.12/firebase.tgz"},"components":{"analytics":"https://www.gstatic.com/firebasejs/10.12.5/firebase-analytics.js","app":"https://www.gstatic.com/firebasejs/10.12.5/firebase-app.js","app-check":"https://www.gstatic.com/firebasejs/10.12.5/firebase-app-check.js","auth":"https://www.gstatic.com/firebasejs/10.12.5/firebase-auth.js","auth/cordova":"https://www.gstatic.com/firebasejs/10.12.5/firebase-auth/cordova.js","auth/web-extension":"https://www.gstatic.com/firebasejs/10.12.5/firebase-auth/web-extension.js","functions":"https://www.gstatic.com/firebasejs/10.12.5/firebase-functions.js","firestore":"https://www.gstatic.com/firebasejs/10.12.5/firebase-firestore.js","firestore/lite":"https://www.gstatic.com/firebasejs/10.12.5/firebase-firestore/lite.js","installations":"https://www.gstatic.com/firebasejs/10.12.5/firebase-installations.js","storage":"https://www.gstatic.com/firebasejs/10.12.5/firebase-storage.js","performance":"https://www.gstatic.com/firebasejs/10.12.5/firebase-performance.js","remote-config":"https://www.gstatic.com/firebasejs/10.12.5/firebase-remote-config.js","messaging":"https://www.gstatic.com/firebasejs/10.12.5/firebase-messaging.js","messaging/sw":"https://www.gstatic.com/firebasejs/10.12.5/firebase-messaging/sw.js","database":"https://www.gstatic.com/firebasejs/10.12.5/firebase-database.js","vertexai-preview":"https://www.gstatic.com/firebasejs/10.12.5/firebase-vertexai-preview.js","firestore.memory":"https://www.gstatic.com/firebasejs/10.12.5/firebase-firestore.memory.js"}}
[info] +  Wrote public/index.html 
[info] 
[info] i  Detected a .git folder at C:\Users\Usuario 
[info] i  Authorizing with GitHub to upload your service account to a GitHub repository's secrets store. 
[info] 
[info] Visit this URL on this device to log in:
[info] https://github.com/login/oauth/authorize?client_id=89cf50f02ac6aaed3484&state=698158500&redirect_uri=http%3A%2F%2Flocalhost%3A9005&scope=read%3Auser%20repo%20public_repo
[info] 
[info] Waiting for authentication...
[debug] [2024-08-07T21:57:51.069Z] >>> [apiv2][query] POST https://github.com/login/oauth/access_token [none]
[debug] [2024-08-07T21:57:51.069Z] >>> [apiv2][body] POST https://github.com/login/oauth/access_token [stream]
[debug] [2024-08-07T21:57:51.379Z] <<< [apiv2][status] POST https://github.com/login/oauth/access_token 200
[debug] [2024-08-07T21:57:51.379Z] <<< [apiv2][body] POST https://github.com/login/oauth/access_token {"access_token":"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","token_type":"bearer","scope":"read:user,repo"}
[debug] [2024-08-07T21:57:51.382Z] >>> [apiv2][query] GET https://api.github.com/user [none]
[debug] [2024-08-07T21:57:51.757Z] <<< [apiv2][status] GET https://api.github.com/user 200
[debug] [2024-08-07T21:57:51.757Z] <<< [apiv2][body] GET https://api.github.com/user {"login":"MSantos212","id":141075788,"node_id":"U_kgDOCGilTA","avatar_url":"https://avatars.githubusercontent.com/u/141075788?v=4","gravatar_id":"","url":"https://api.github.com/users/MSantos212","html_url":"https://github.com/MSantos212","followers_url":"https://api.github.com/users/MSantos212/followers","following_url":"https://api.github.com/users/MSantos212/following{/other_user}","gists_url":"https://api.github.com/users/MSantos212/gists{/gist_id}","starred_url":"https://api.github.com/users/MSantos212/starred{/owner}{/repo}","subscriptions_url":"https://api.github.com/users/MSantos212/subscriptions","organizations_url":"https://api.github.com/users/MSantos212/orgs","repos_url":"https://api.github.com/users/MSantos212/repos","events_url":"https://api.github.com/users/MSantos212/events{/privacy}","received_events_url":"https://api.github.com/users/MSantos212/received_events","type":"User","site_admin":false,"name":"Marlon Santos","company":null,"blog":"","location":null,"email":null,"hireable":null,"bio":"Profissional buscando sua primeira vaga como desenvolvedor júnior, ansioso para colocar em prática meus conhecimentos Front-End e construir soluções inovadoras.","twitter_username":null,"notification_email":null,"public_repos":14,"public_gists":0,"followers":0,"following":0,"created_at":"2023-07-31T20:55:55Z","updated_at":"2024-07-31T22:15:36Z","private_gists":0,"total_private_repos":2,"owned_private_repos":2,"disk_usage":53900,"collaborators":0,"two_factor_authentication":false,"plan":{"name":"free","space":976562499,"collaborators":0,"private_repos":10000}}
[info] 
[info] +  Success! Logged into GitHub as MSantos212 
[info] 
